<?xml version="1.0" encoding="UTF-8"?>
<!-- Generated by org.testng.reporters.JUnitXMLReporter -->
<testsuite ignored="1" hostname="Gayatris-MacBook-Air.local" failures="0" tests="3" name="Default test" time="75.945" errors="0" timestamp="2025-08-08T19:00:03 IST">
  <testcase classname="com.ve3globaltest.tasks.HomePageTests" name="verifyHomepageLoadsAfterValidLogin" time="58.37"/>
  <testcase classname="com.ve3globaltest.tasks.HomePageTests" name="verifyHomepageLoadsAfterValidLogin" time="0.27"/>
  <testcase classname="com.ve3globaltest.tasks.HomePageTests" name="verifyHomepageLoadsAfterValidLogin" time="6.217"/>
  <testcase classname="com.ve3globaltest.tasks.HomePageTests" name="verifySearchFunctionalityDisplaysResults" time="0.0">
    <ignored/>
  </testcase> <!-- verifySearchFunctionalityDisplaysResults -->
</testsuite> <!-- Default test -->
