<?xml version="1.0" encoding="UTF-8"?>
<!-- Generated by org.testng.reporters.JUnitXMLReporter -->
<testsuite ignored="1" hostname="Gayatris-MacBook-Air.local" failures="0" tests="1" name="Default test" time="7.289" errors="0" timestamp="2025-08-08T11:47:52 IST">
  <testcase classname="com.ve3globaltest.tasks.HomePageTests" name="verifySearchFunctionalityDisplaysResults" time="0.643"/>
  <testcase classname="com.ve3globaltest.tasks.HomePageTests" name="verifyHomepageLoadsSucessfully" time="0.0">
    <ignored/>
  </testcase> <!-- verifyHomepageLoadsSucessfully -->
</testsuite> <!-- Default test -->
