<?xml version="1.0" encoding="UTF-8"?>
<!-- Generated by org.testng.reporters.JUnitXMLReporter -->
<testsuite ignored="2" hostname="Gayatris-MacBook-Air.local" failures="0" tests="1" name="Default test" time="4.504" errors="0" timestamp="2025-08-08T23:55:48 IST">
  <testcase classname="com.ve3globaltest.tasks.HomePageTests" name="validateCartFunctionality" time="2.665"/>
  <testcase classname="com.ve3globaltest.tasks.HomePageTests" name="verifyHomepageLoadsAfterValidLogin" time="0.0">
    <ignored/>
  </testcase> <!-- verifyHomepageLoadsAfterValidLogin -->
  <testcase classname="com.ve3globaltest.tasks.HomePageTests" name="verifyProductFilterPriceLowToHigh" time="0.0">
    <ignored/>
  </testcase> <!-- verifyProductFilterPriceLowToHigh -->
</testsuite> <!-- Default test -->
