<?xml version="1.0" encoding="UTF-8"?>
<!-- Generated by org.testng.reporters.JUnitXMLReporter -->
<testsuite ignored="0" hostname="Gayatris-MacBook-Air.local" failures="1" tests="6" name="Test" time="12.667" errors="0" timestamp="2025-08-10T23:49:45 IST">
  <testcase classname="com.ve3globaltest.tasks.DataDrivenLoginTest" name="verifyHomepageLoadsAfterValidLogin" time="0.943"/>
  <testcase classname="com.ve3globaltest.tasks.DataDrivenLoginTest" name="verifyHomepageLoadsAfterValidLogin" time="0.207"/>
  <testcase classname="com.ve3globaltest.tasks.DataDrivenLoginTest" name="verifyHomepageLoadsAfterValidLogin" time="5.176"/>
  <testcase classname="com.ve3globaltest.tasks.ProductCheckOutFlow" name="verifyProductFilterPriceLowToHigh" time="1.118"/>
  <testcase classname="com.ve3globaltest.tasks.ProductCheckOutFlow" name="validateCartFunctionality" time="0.258"/>
  <testcase classname="com.ve3globaltest.tasks.ProductCheckOutFlow" name="validateCheckoutFunctionality" time="0.515">
    <failure type="java.lang.AssertionError" message="expected [true] but found [false]">
      <![CDATA[java.lang.AssertionError: expected [true] but found [false]
at com.ve3globaltest.tasks.ProductCheckOutFlow.validateCheckoutFunctionality(ProductCheckOutFlow.java:88)
at java.base/java.util.ArrayList.forEach(ArrayList.java:1596)
... Removed 33 stack frames]]>
    </failure>
  </testcase> <!-- validateCheckoutFunctionality -->
</testsuite> <!-- Test -->
