<?xml version="1.0" encoding="UTF-8"?>
<testng-results ignored="0" total="3" passed="3" failed="0" skipped="0">
  <reporter-output>
  </reporter-output>
  <suite started-at="2025-08-08T18:58:47 IST" name="Default suite" finished-at="2025-08-08T19:00:03 IST" duration-ms="75945">
    <groups>
    </groups>
    <test started-at="2025-08-08T18:58:47 IST" name="Default test" finished-at="2025-08-08T19:00:03 IST" duration-ms="75945">
      <class name="com.ve3globaltest.tasks.HomePageTests">
        <test-method is-config="true" signature="launchBrowser()[pri:0, instance:com.ve3globaltest.tasks.HomePageTests@14dd7b39]" started-at="2025-08-08T18:58:48 IST" name="launchBrowser" finished-at="2025-08-08T18:58:55 IST" duration-ms="7492" status="PASS">
          <reporter-output>
          </reporter-output>
        </test-method> <!-- launchBrowser -->
        <test-method signature="verifyHomepageLoadsAfterValidLogin(java.lang.String,java.lang.String)[pri:0, instance:com.ve3globaltest.tasks.HomePageTests@14dd7b39]" started-at="2025-08-08T18:58:55 IST" name="verifyHomepageLoadsAfterValidLogin" data-provider="validCredentials" finished-at="2025-08-08T18:59:53 IST" duration-ms="58370" status="PASS">
          <params>
            <param index="0">
              <value>
                <![CDATA[standard_user]]>
              </value>
            </param>
            <param index="1">
              <value>
                <![CDATA[secret_sauce]]>
              </value>
            </param>
          </params>
          <reporter-output>
          </reporter-output>
        </test-method> <!-- verifyHomepageLoadsAfterValidLogin -->
        <test-method is-config="true" signature="tearDown()[pri:0, instance:com.ve3globaltest.tasks.HomePageTests@14dd7b39]" started-at="2025-08-08T18:59:53 IST" name="tearDown" finished-at="2025-08-08T18:59:54 IST" duration-ms="96" status="PASS">
          <reporter-output>
          </reporter-output>
        </test-method> <!-- tearDown -->
        <test-method is-config="true" signature="launchBrowser()[pri:0, instance:com.ve3globaltest.tasks.HomePageTests@14dd7b39]" started-at="2025-08-08T18:59:54 IST" name="launchBrowser" finished-at="2025-08-08T18:59:55 IST" duration-ms="1510" status="PASS">
          <reporter-output>
          </reporter-output>
        </test-method> <!-- launchBrowser -->
        <test-method signature="verifyHomepageLoadsAfterValidLogin(java.lang.String,java.lang.String)[pri:0, instance:com.ve3globaltest.tasks.HomePageTests@14dd7b39]" started-at="2025-08-08T18:59:55 IST" name="verifyHomepageLoadsAfterValidLogin" data-provider="validCredentials" finished-at="2025-08-08T18:59:55 IST" duration-ms="270" status="PASS">
          <params>
            <param index="0">
              <value>
                <![CDATA[problem_user]]>
              </value>
            </param>
            <param index="1">
              <value>
                <![CDATA[secret_sauce]]>
              </value>
            </param>
          </params>
          <reporter-output>
          </reporter-output>
        </test-method> <!-- verifyHomepageLoadsAfterValidLogin -->
        <test-method is-config="true" signature="tearDown()[pri:0, instance:com.ve3globaltest.tasks.HomePageTests@14dd7b39]" started-at="2025-08-08T18:59:55 IST" name="tearDown" finished-at="2025-08-08T18:59:55 IST" duration-ms="83" status="PASS">
          <reporter-output>
          </reporter-output>
        </test-method> <!-- tearDown -->
        <test-method is-config="true" signature="launchBrowser()[pri:0, instance:com.ve3globaltest.tasks.HomePageTests@14dd7b39]" started-at="2025-08-08T18:59:55 IST" name="launchBrowser" finished-at="2025-08-08T18:59:57 IST" duration-ms="1415" status="PASS">
          <reporter-output>
          </reporter-output>
        </test-method> <!-- launchBrowser -->
        <test-method signature="verifyHomepageLoadsAfterValidLogin(java.lang.String,java.lang.String)[pri:0, instance:com.ve3globaltest.tasks.HomePageTests@14dd7b39]" started-at="2025-08-08T18:59:57 IST" name="verifyHomepageLoadsAfterValidLogin" data-provider="validCredentials" finished-at="2025-08-08T19:00:03 IST" duration-ms="6217" status="PASS">
          <params>
            <param index="0">
              <value>
                <![CDATA[performance_glitch_user]]>
              </value>
            </param>
            <param index="1">
              <value>
                <![CDATA[secret_sauce]]>
              </value>
            </param>
          </params>
          <reporter-output>
          </reporter-output>
        </test-method> <!-- verifyHomepageLoadsAfterValidLogin -->
        <test-method is-config="true" signature="tearDown()[pri:0, instance:com.ve3globaltest.tasks.HomePageTests@14dd7b39]" started-at="2025-08-08T19:00:03 IST" name="tearDown" finished-at="2025-08-08T19:00:03 IST" duration-ms="87" status="PASS">
          <reporter-output>
          </reporter-output>
        </test-method> <!-- tearDown -->
      </class> <!-- com.ve3globaltest.tasks.HomePageTests -->
    </test> <!-- Default test -->
  </suite> <!-- Default suite -->
</testng-results>
