<?xml version="1.0" encoding="UTF-8"?>
<testng-results ignored="0" total="1" passed="1" failed="0" skipped="0">
  <reporter-output>
  </reporter-output>
  <suite started-at="2025-08-08T23:55:43 IST" name="Default suite" finished-at="2025-08-08T23:55:48 IST" duration-ms="4504">
    <groups>
    </groups>
    <test started-at="2025-08-08T23:55:43 IST" name="Default test" finished-at="2025-08-08T23:55:48 IST" duration-ms="4504">
      <class name="com.ve3globaltest.tasks.HomePageTests">
        <test-method is-config="true" signature="launchBrowser()[pri:0, instance:com.ve3globaltest.tasks.HomePageTests@46d59067]" started-at="2025-08-08T23:55:43 IST" name="launchBrowser" finished-at="2025-08-08T23:55:45 IST" duration-ms="1755" status="PASS">
          <reporter-output>
          </reporter-output>
        </test-method> <!-- launchBrowser -->
        <test-method signature="validateCartFunctionality()[pri:0, instance:com.ve3globaltest.tasks.HomePageTests@46d59067]" started-at="2025-08-08T23:55:45 IST" name="validateCartFunctionality" finished-at="2025-08-08T23:55:48 IST" duration-ms="2665" status="PASS">
          <reporter-output>
          </reporter-output>
        </test-method> <!-- validateCartFunctionality -->
      </class> <!-- com.ve3globaltest.tasks.HomePageTests -->
    </test> <!-- Default test -->
  </suite> <!-- Default suite -->
</testng-results>
